[34m2019-03-23 01:54:29.621 UTC [localconfig] completeInitialization -> INFO 001[0m Kafka.Version unset, setting to 0.10.2.0
[34m2019-03-23 01:54:29.651 UTC [orderer.common.server] prettyPrintStruct -> INFO 002[0m Orderer config values:
	General.LedgerType = "file"
	General.ListenAddress = "127.0.0.1"
	General.ListenPort = 7050
	General.TLS.Enabled = false
	General.TLS.PrivateKey = "/home/user/repo/c4/update-config-value/network/tls/server.key"
	General.TLS.Certificate = "/home/user/repo/c4/update-config-value/network/tls/server.crt"
	General.TLS.RootCAs = [/home/user/repo/c4/update-config-value/network/tls/ca.crt]
	General.TLS.ClientAuthRequired = false
	General.TLS.ClientRootCAs = []
	General.Cluster.RootCAs = [/home/user/repo/c4/update-config-value/network/tls/ca.crt]
	General.Cluster.ClientCertificate = ""
	General.Cluster.ClientPrivateKey = ""
	General.Cluster.DialTimeout = 5s
	General.Cluster.RPCTimeout = 7s
	General.Cluster.ReplicationBufferSize = 20971520
	General.Cluster.ReplicationPullTimeout = 5s
	General.Cluster.ReplicationRetryTimeout = 5s
	General.Keepalive.ServerMinInterval = 1m0s
	General.Keepalive.ServerInterval = 2h0m0s
	General.Keepalive.ServerTimeout = 20s
	General.GenesisMethod = "provisional"
	General.GenesisProfile = "OrdererGenesis"
	General.SystemChannel = "test-system-channel-name"
	General.GenesisFile = "/home/user/repo/c4/update-config-value/network/genesisblock"
	General.Profile.Enabled = false
	General.Profile.Address = "0.0.0.0:6060"
	General.LocalMSPDir = "/home/user/repo/c4/update-config-value/network/crypto-config/ordererOrganizations/example.com/orderers/orderer.example.com/msp"
	General.LocalMSPID = "OrdererMSP"
	General.BCCSP.ProviderName = "SW"
	General.BCCSP.SwOpts.SecLevel = 256
	General.BCCSP.SwOpts.HashFamily = "SHA2"
	General.BCCSP.SwOpts.Ephemeral = false
	General.BCCSP.SwOpts.FileKeystore.KeyStorePath = "/home/user/repo/c4/update-config-value/network/crypto-config/ordererOrganizations/example.com/orderers/orderer.example.com/msp/keystore"
	General.BCCSP.SwOpts.DummyKeystore =
	General.BCCSP.SwOpts.InmemKeystore =
	General.BCCSP.PluginOpts =
	General.Authentication.TimeWindow = 15m0s
	FileLedger.Location = "./data/orderer"
	FileLedger.Prefix = "hyperledger-fabric-ordererledger"
	RAMLedger.HistorySize = 1000
	Kafka.Retry.ShortInterval = 5s
	Kafka.Retry.ShortTotal = 10m0s
	Kafka.Retry.LongInterval = 5m0s
	Kafka.Retry.LongTotal = 12h0m0s
	Kafka.Retry.NetworkTimeouts.DialTimeout = 10s
	Kafka.Retry.NetworkTimeouts.ReadTimeout = 10s
	Kafka.Retry.NetworkTimeouts.WriteTimeout = 10s
	Kafka.Retry.Metadata.RetryMax = 3
	Kafka.Retry.Metadata.RetryBackoff = 250ms
	Kafka.Retry.Producer.RetryMax = 3
	Kafka.Retry.Producer.RetryBackoff = 100ms
	Kafka.Retry.Consumer.RetryBackoff = 2s
	Kafka.Verbose = false
	Kafka.Version = 0.10.2.0
	Kafka.TLS.Enabled = false
	Kafka.TLS.PrivateKey = ""
	Kafka.TLS.Certificate = ""
	Kafka.TLS.RootCAs = []
	Kafka.TLS.ClientAuthRequired = false
	Kafka.TLS.ClientRootCAs = []
	Kafka.SASLPlain.Enabled = false
	Kafka.SASLPlain.User = ""
	Kafka.SASLPlain.Password = ""
	Kafka.Topic.ReplicationFactor = 3
	Debug.BroadcastTraceDir = ""
	Debug.DeliverTraceDir = ""
	Consensus = map[WALDir:/var/hyperledger/production/orderer/etcdraft/wal SnapDir:/var/hyperledger/production/orderer/etcdraft/snapshot]
	Operations.ListenAddress = "127.0.0.1:8443"
	Operations.TLS.Enabled = false
	Operations.TLS.PrivateKey = ""
	Operations.TLS.Certificate = ""
	Operations.TLS.RootCAs = []
	Operations.TLS.ClientAuthRequired = false
	Operations.TLS.ClientRootCAs = []
	Metrics.Provider = "disabled"
	Metrics.Statsd.Network = "udp"
	Metrics.Statsd.Address = "127.0.0.1:8125"
	Metrics.Statsd.WriteInterval = 30s
	Metrics.Statsd.Prefix = ""
[34m2019-03-23 01:54:29.652 UTC [common.tools.configtxgen.localconfig] completeInitialization -> INFO 003[0m Orderer.BatchTimeout unset, setting to 2s
[34m2019-03-23 01:54:29.652 UTC [common.tools.configtxgen.localconfig] completeInitialization -> INFO 004[0m Orderer.BatchSize.MaxMessageCount unset, setting to 10
[34m2019-03-23 01:54:29.652 UTC [common.tools.configtxgen.localconfig] completeInitialization -> INFO 005[0m Orderer.BatchSize.AbsoluteMaxBytes unset, setting to 10485760
[34m2019-03-23 01:54:29.652 UTC [common.tools.configtxgen.localconfig] completeInitialization -> INFO 006[0m Orderer.BatchSize.PreferredMaxBytes unset, setting to 524288
[34m2019-03-23 01:54:29.652 UTC [common.tools.configtxgen.localconfig] completeInitialization -> INFO 007[0m orderer type: solo
[34m2019-03-23 01:54:29.652 UTC [common.tools.configtxgen.localconfig] Load -> INFO 008[0m Loaded configuration: /home/user/repo/c4/update-config-value/network/configtx.yaml
[33m2019-03-23 01:54:29.652 UTC [common.tools.configtxgen.encoder] NewChannelGroup -> WARN 009[0m Default policy emission is deprecated, please include policy specifications for the channel group in configtx.yaml
[33m2019-03-23 01:54:29.652 UTC [common.tools.configtxgen.encoder] NewOrdererGroup -> WARN 00a[0m Default policy emission is deprecated, please include policy specifications for the orderer group in configtx.yaml
[33m2019-03-23 01:54:29.653 UTC [common.tools.configtxgen.encoder] NewOrdererOrgGroup -> WARN 00b[0m Default policy emission is deprecated, please include policy specifications for the orderer org group Org1 in configtx.yaml
[34m2019-03-23 01:54:29.669 UTC [common.tools.configtxgen.localconfig] completeInitialization -> INFO 00c[0m Orderer.BatchTimeout unset, setting to 2s
[34m2019-03-23 01:54:29.669 UTC [common.tools.configtxgen.localconfig] completeInitialization -> INFO 00d[0m Orderer.BatchSize.MaxMessageCount unset, setting to 10
[34m2019-03-23 01:54:29.669 UTC [common.tools.configtxgen.localconfig] completeInitialization -> INFO 00e[0m Orderer.BatchSize.AbsoluteMaxBytes unset, setting to 10485760
[34m2019-03-23 01:54:29.669 UTC [common.tools.configtxgen.localconfig] completeInitialization -> INFO 00f[0m Orderer.BatchSize.PreferredMaxBytes unset, setting to 524288
[34m2019-03-23 01:54:29.669 UTC [common.tools.configtxgen.localconfig] completeInitialization -> INFO 010[0m orderer type: solo
[34m2019-03-23 01:54:29.669 UTC [common.tools.configtxgen.localconfig] Load -> INFO 011[0m Loaded configuration: /home/user/repo/c4/update-config-value/network/configtx.yaml
[33m2019-03-23 01:54:29.669 UTC [common.tools.configtxgen.encoder] NewChannelGroup -> WARN 012[0m Default policy emission is deprecated, please include policy specifications for the channel group in configtx.yaml
[33m2019-03-23 01:54:29.669 UTC [common.tools.configtxgen.encoder] NewOrdererGroup -> WARN 013[0m Default policy emission is deprecated, please include policy specifications for the orderer group in configtx.yaml
[33m2019-03-23 01:54:29.669 UTC [common.tools.configtxgen.encoder] NewOrdererOrgGroup -> WARN 014[0m Default policy emission is deprecated, please include policy specifications for the orderer org group Org1 in configtx.yaml
[34m2019-03-23 01:54:29.670 UTC [fsblkstorage] newBlockfileMgr -> INFO 015[0m Getting block information from block storage
[34m2019-03-23 01:54:29.685 UTC [orderer.commmon.multichannel] Initialize -> INFO 016[0m Starting system channel 'test-system-channel-name' with genesis block hash 1f5f62dab4bbf4ee295f906d92d6422db5fbc2b2f3bd581b93378f1fd6969028 and orderer type solo
[34m2019-03-23 01:54:29.685 UTC [orderer.common.server] Start -> INFO 017[0m Starting orderer:
 Version: 1.4.0
 Commit SHA: d700b43
 Go version: go1.10
 OS/Arch: linux/amd64
[34m2019-03-23 01:54:29.685 UTC [orderer.common.server] Start -> INFO 018[0m Beginning to serve requests
[34m2019-03-23 01:59:23.825 UTC [fsblkstorage] newBlockfileMgr -> INFO 019[0m Getting block information from block storage
[34m2019-03-23 01:59:23.826 UTC [comm.grpc.server] 1 -> INFO 01a[0m streaming call completed {"grpc.start_time": "2019-03-23T01:59:23.818Z", "grpc.service": "orderer.AtomicBroadcast", "grpc.method": "Broadcast", "grpc.peer_address": "127.0.0.1:54189", "grpc.code": "OK", "grpc.call_duration": "7.623549ms"}
[34m2019-03-23 01:59:23.872 UTC [orderer.commmon.multichannel] newChain -> INFO 01b[0m Created and starting new chain ch1
[33m2019-03-23 01:59:23.878 UTC [common.deliver] Handle -> WARN 01c[0m Error reading from 127.0.0.1:54188: rpc error: code = Canceled desc = context canceled
[34m2019-03-23 01:59:23.878 UTC [comm.grpc.server] 1 -> INFO 01d[0m streaming call completed {"grpc.start_time": "2019-03-23T01:59:23.817Z", "grpc.service": "orderer.AtomicBroadcast", "grpc.method": "Deliver", "grpc.peer_address": "127.0.0.1:54188", "error": "rpc error: code = Canceled desc = context canceled", "grpc.code": "Canceled", "grpc.call_duration": "60.62047ms"}
[33m2019-03-23 01:59:24.108 UTC [orderer.common.broadcast] Handle -> WARN 01e[0m Error reading from 127.0.0.1:54195: rpc error: code = Canceled desc = context canceled
[34m2019-03-23 01:59:24.108 UTC [comm.grpc.server] 1 -> INFO 01f[0m streaming call completed {"grpc.start_time": "2019-03-23T01:59:24.1Z", "grpc.service": "orderer.AtomicBroadcast", "grpc.method": "Broadcast", "grpc.peer_address": "127.0.0.1:54195", "error": "rpc error: code = Canceled desc = context canceled", "grpc.code": "Canceled", "grpc.call_duration": "7.374606ms"}
[31m2019-03-23 02:18:15.894 UTC [cauthdsl] deduplicate -> ERRO 020[0m Principal deserialization failure (MSP OrdererMSP is unknown) for identity 0
[33m2019-03-23 02:18:15.898 UTC [common.deliver] Handle -> WARN 021[0m Error reading from 127.0.0.1:54227: rpc error: code = Canceled desc = context canceled
[34m2019-03-23 02:18:15.898 UTC [comm.grpc.server] 1 -> INFO 022[0m streaming call completed {"grpc.start_time": "2019-03-23T02:18:15.892Z", "grpc.service": "orderer.AtomicBroadcast", "grpc.method": "Deliver", "grpc.peer_address": "127.0.0.1:54227", "error": "rpc error: code = Canceled desc = context canceled", "grpc.code": "Canceled", "grpc.call_duration": "6.855771ms"}
[33m2019-03-23 02:18:15.898 UTC [orderer.common.broadcast] Handle -> WARN 023[0m Error reading from 127.0.0.1:54229: rpc error: code = Canceled desc = context canceled
[34m2019-03-23 02:18:15.898 UTC [comm.grpc.server] 1 -> INFO 024[0m streaming call completed {"grpc.start_time": "2019-03-23T02:18:15.892Z", "grpc.service": "orderer.AtomicBroadcast", "grpc.method": "Broadcast", "grpc.peer_address": "127.0.0.1:54229", "error": "rpc error: code = Canceled desc = context canceled", "grpc.code": "Canceled", "grpc.call_duration": "6.274079ms"}
[34m2019-03-23 02:31:53.199 UTC [orderer.common.server] handleSignals -> INFO 025[0m Received signal: 15 (terminated)
