[34m2019-03-27 02:51:39.965 UTC [localconfig] completeInitialization -> INFO 001[0m Kafka.Version unset, setting to 0.10.2.0
[34m2019-03-27 02:51:40.009 UTC [orderer.common.server] prettyPrintStruct -> INFO 002[0m Orderer config values:
	General.LedgerType = "file"
	General.ListenAddress = "127.0.0.1"
	General.ListenPort = 7050
	General.TLS.Enabled = false
	General.TLS.PrivateKey = "/home/user/repo/c5/history-tracking/network/tls/server.key"
	General.TLS.Certificate = "/home/user/repo/c5/history-tracking/network/tls/server.crt"
	General.TLS.RootCAs = [/home/user/repo/c5/history-tracking/network/tls/ca.crt]
	General.TLS.ClientAuthRequired = false
	General.TLS.ClientRootCAs = []
	General.Cluster.RootCAs = [/home/user/repo/c5/history-tracking/network/tls/ca.crt]
	General.Cluster.ClientCertificate = ""
	General.Cluster.ClientPrivateKey = ""
	General.Cluster.DialTimeout = 5s
	General.Cluster.RPCTimeout = 7s
	General.Cluster.ReplicationBufferSize = 20971520
	General.Cluster.ReplicationPullTimeout = 5s
	General.Cluster.ReplicationRetryTimeout = 5s
	General.Keepalive.ServerMinInterval = 1m0s
	General.Keepalive.ServerInterval = 2h0m0s
	General.Keepalive.ServerTimeout = 20s
	General.GenesisMethod = "provisional"
	General.GenesisProfile = "OrdererGenesis"
	General.SystemChannel = "test-system-channel-name"
	General.GenesisFile = "/home/user/repo/c5/history-tracking/network/genesisblock"
	General.Profile.Enabled = false
	General.Profile.Address = "0.0.0.0:6060"
	General.LocalMSPDir = "/home/user/repo/c5/history-tracking/network/crypto-config/ordererOrganizations/example.com/orderers/orderer.example.com/msp"
	General.LocalMSPID = "OrdererMSP"
	General.BCCSP.ProviderName = "SW"
	General.BCCSP.SwOpts.SecLevel = 256
	General.BCCSP.SwOpts.HashFamily = "SHA2"
	General.BCCSP.SwOpts.Ephemeral = false
	General.BCCSP.SwOpts.FileKeystore.KeyStorePath = "/home/user/repo/c5/history-tracking/network/crypto-config/ordererOrganizations/example.com/orderers/orderer.example.com/msp/keystore"
	General.BCCSP.SwOpts.DummyKeystore =
	General.BCCSP.SwOpts.InmemKeystore =
	General.BCCSP.PluginOpts =
	General.Authentication.TimeWindow = 15m0s
	FileLedger.Location = "./data/orderer"
	FileLedger.Prefix = "hyperledger-fabric-ordererledger"
	RAMLedger.HistorySize = 1000
	Kafka.Retry.ShortInterval = 5s
	Kafka.Retry.ShortTotal = 10m0s
	Kafka.Retry.LongInterval = 5m0s
	Kafka.Retry.LongTotal = 12h0m0s
	Kafka.Retry.NetworkTimeouts.DialTimeout = 10s
	Kafka.Retry.NetworkTimeouts.ReadTimeout = 10s
	Kafka.Retry.NetworkTimeouts.WriteTimeout = 10s
	Kafka.Retry.Metadata.RetryMax = 3
	Kafka.Retry.Metadata.RetryBackoff = 250ms
	Kafka.Retry.Producer.RetryMax = 3
	Kafka.Retry.Producer.RetryBackoff = 100ms
	Kafka.Retry.Consumer.RetryBackoff = 2s
	Kafka.Verbose = false
	Kafka.Version = 0.10.2.0
	Kafka.TLS.Enabled = false
	Kafka.TLS.PrivateKey = ""
	Kafka.TLS.Certificate = ""
	Kafka.TLS.RootCAs = []
	Kafka.TLS.ClientAuthRequired = false
	Kafka.TLS.ClientRootCAs = []
	Kafka.SASLPlain.Enabled = false
	Kafka.SASLPlain.User = ""
	Kafka.SASLPlain.Password = ""
	Kafka.Topic.ReplicationFactor = 3
	Debug.BroadcastTraceDir = ""
	Debug.DeliverTraceDir = ""
	Consensus = map[WALDir:/var/hyperledger/production/orderer/etcdraft/wal SnapDir:/var/hyperledger/production/orderer/etcdraft/snapshot]
	Operations.ListenAddress = "127.0.0.1:8443"
	Operations.TLS.Enabled = false
	Operations.TLS.PrivateKey = ""
	Operations.TLS.Certificate = ""
	Operations.TLS.RootCAs = []
	Operations.TLS.ClientAuthRequired = false
	Operations.TLS.ClientRootCAs = []
	Metrics.Provider = "disabled"
	Metrics.Statsd.Network = "udp"
	Metrics.Statsd.Address = "127.0.0.1:8125"
	Metrics.Statsd.WriteInterval = 30s
	Metrics.Statsd.Prefix = ""
[34m2019-03-27 02:51:40.010 UTC [common.tools.configtxgen.localconfig] completeInitialization -> INFO 003[0m Orderer.BatchTimeout unset, setting to 2s
[34m2019-03-27 02:51:40.010 UTC [common.tools.configtxgen.localconfig] completeInitialization -> INFO 004[0m Orderer.BatchSize.MaxMessageCount unset, setting to 10
[34m2019-03-27 02:51:40.010 UTC [common.tools.configtxgen.localconfig] completeInitialization -> INFO 005[0m Orderer.BatchSize.AbsoluteMaxBytes unset, setting to 10485760
[34m2019-03-27 02:51:40.010 UTC [common.tools.configtxgen.localconfig] completeInitialization -> INFO 006[0m Orderer.BatchSize.PreferredMaxBytes unset, setting to 524288
[34m2019-03-27 02:51:40.010 UTC [common.tools.configtxgen.localconfig] completeInitialization -> INFO 007[0m orderer type: solo
[34m2019-03-27 02:51:40.010 UTC [common.tools.configtxgen.localconfig] Load -> INFO 008[0m Loaded configuration: /home/user/repo/c5/history-tracking/network/configtx.yaml
[33m2019-03-27 02:51:40.010 UTC [common.tools.configtxgen.encoder] NewChannelGroup -> WARN 009[0m Default policy emission is deprecated, please include policy specifications for the channel group in configtx.yaml
[33m2019-03-27 02:51:40.010 UTC [common.tools.configtxgen.encoder] NewOrdererGroup -> WARN 00a[0m Default policy emission is deprecated, please include policy specifications for the orderer group in configtx.yaml
[33m2019-03-27 02:51:40.010 UTC [common.tools.configtxgen.encoder] NewOrdererOrgGroup -> WARN 00b[0m Default policy emission is deprecated, please include policy specifications for the orderer org group Org1 in configtx.yaml
[34m2019-03-27 02:51:40.029 UTC [common.tools.configtxgen.localconfig] completeInitialization -> INFO 00c[0m Orderer.BatchTimeout unset, setting to 2s
[34m2019-03-27 02:51:40.029 UTC [common.tools.configtxgen.localconfig] completeInitialization -> INFO 00d[0m Orderer.BatchSize.MaxMessageCount unset, setting to 10
[34m2019-03-27 02:51:40.029 UTC [common.tools.configtxgen.localconfig] completeInitialization -> INFO 00e[0m Orderer.BatchSize.AbsoluteMaxBytes unset, setting to 10485760
[34m2019-03-27 02:51:40.029 UTC [common.tools.configtxgen.localconfig] completeInitialization -> INFO 00f[0m Orderer.BatchSize.PreferredMaxBytes unset, setting to 524288
[34m2019-03-27 02:51:40.029 UTC [common.tools.configtxgen.localconfig] completeInitialization -> INFO 010[0m orderer type: solo
[34m2019-03-27 02:51:40.029 UTC [common.tools.configtxgen.localconfig] Load -> INFO 011[0m Loaded configuration: /home/user/repo/c5/history-tracking/network/configtx.yaml
[33m2019-03-27 02:51:40.029 UTC [common.tools.configtxgen.encoder] NewChannelGroup -> WARN 012[0m Default policy emission is deprecated, please include policy specifications for the channel group in configtx.yaml
[33m2019-03-27 02:51:40.029 UTC [common.tools.configtxgen.encoder] NewOrdererGroup -> WARN 013[0m Default policy emission is deprecated, please include policy specifications for the orderer group in configtx.yaml
[33m2019-03-27 02:51:40.029 UTC [common.tools.configtxgen.encoder] NewOrdererOrgGroup -> WARN 014[0m Default policy emission is deprecated, please include policy specifications for the orderer org group Org1 in configtx.yaml
[34m2019-03-27 02:51:40.030 UTC [orderer.common.server] initializeMultichannelRegistrar -> INFO 015[0m Not bootstrapping because of existing chains
[34m2019-03-27 02:51:40.042 UTC [orderer.commmon.multichannel] Initialize -> INFO 016[0m Starting system channel 'test-system-channel-name' with genesis block hash 0a0e1a88b6173821f2b57ec7566d719d8b7c9f2ddb4e1f4ae1d335b4731fcb81 and orderer type solo
[34m2019-03-27 02:51:40.042 UTC [orderer.common.server] Start -> INFO 017[0m Starting orderer:
 Version: 1.4.0
 Commit SHA: d700b43
 Go version: go1.10
 OS/Arch: linux/amd64
[34m2019-03-27 02:51:40.044 UTC [orderer.common.server] Start -> INFO 018[0m Beginning to serve requests
[34m2019-03-27 03:12:51.850 UTC [comm.grpc.server] 1 -> INFO 019[0m streaming call completed {"grpc.start_time": "2019-03-27T03:12:51.814Z", "grpc.service": "orderer.AtomicBroadcast", "grpc.method": "Broadcast", "grpc.peer_address": "127.0.0.1:48215", "grpc.code": "OK", "grpc.call_duration": "36.64532ms"}
[34m2019-03-27 03:16:52.756 UTC [comm.grpc.server] 1 -> INFO 01a[0m streaming call completed {"grpc.start_time": "2019-03-27T03:16:52.729Z", "grpc.service": "orderer.AtomicBroadcast", "grpc.method": "Broadcast", "grpc.peer_address": "127.0.0.1:48231", "grpc.code": "OK", "grpc.call_duration": "26.425059ms"}
[34m2019-03-27 03:18:24.802 UTC [comm.grpc.server] 1 -> INFO 01b[0m streaming call completed {"grpc.start_time": "2019-03-27T03:18:24.784Z", "grpc.service": "orderer.AtomicBroadcast", "grpc.method": "Broadcast", "grpc.peer_address": "127.0.0.1:48243", "grpc.code": "OK", "grpc.call_duration": "18.247854ms"}
[34m2019-03-27 03:18:26.893 UTC [comm.grpc.server] 1 -> INFO 01c[0m streaming call completed {"grpc.start_time": "2019-03-27T03:18:26.886Z", "grpc.service": "orderer.AtomicBroadcast", "grpc.method": "Broadcast", "grpc.peer_address": "127.0.0.1:48243", "grpc.code": "OK", "grpc.call_duration": "6.462597ms"}
[34m2019-03-27 03:19:01.941 UTC [comm.grpc.server] 1 -> INFO 01d[0m streaming call completed {"grpc.start_time": "2019-03-27T02:51:46.084Z", "grpc.service": "orderer.AtomicBroadcast", "grpc.method": "Deliver", "grpc.peer_address": "127.0.0.1:48103", "error": "context finished before block retrieved: context canceled", "grpc.code": "Unknown", "grpc.call_duration": "27m15.857127734s"}
[34m2019-03-27 03:19:02.036 UTC [orderer.common.server] handleSignals -> INFO 01e[0m Received signal: 15 (terminated)
