[34m2019-03-27 10:29:32.259 UTC [localconfig] completeInitialization -> INFO 001[0m Kafka.Version unset, setting to 0.10.2.0
[34m2019-03-27 10:29:32.289 UTC [orderer.common.server] prettyPrintStruct -> INFO 002[0m Orderer config values:
	General.LedgerType = "file"
	General.ListenAddress = "127.0.0.1"
	General.ListenPort = 7050
	General.TLS.Enabled = false
	General.TLS.PrivateKey = "/home/user/repo/c3/channel-msp/network/tls/server.key"
	General.TLS.Certificate = "/home/user/repo/c3/channel-msp/network/tls/server.crt"
	General.TLS.RootCAs = [/home/user/repo/c3/channel-msp/network/tls/ca.crt]
	General.TLS.ClientAuthRequired = false
	General.TLS.ClientRootCAs = []
	General.Cluster.RootCAs = [/home/user/repo/c3/channel-msp/network/tls/ca.crt]
	General.Cluster.ClientCertificate = ""
	General.Cluster.ClientPrivateKey = ""
	General.Cluster.DialTimeout = 5s
	General.Cluster.RPCTimeout = 7s
	General.Cluster.ReplicationBufferSize = 20971520
	General.Cluster.ReplicationPullTimeout = 5s
	General.Cluster.ReplicationRetryTimeout = 5s
	General.Keepalive.ServerMinInterval = 1m0s
	General.Keepalive.ServerInterval = 2h0m0s
	General.Keepalive.ServerTimeout = 20s
	General.GenesisMethod = "provisional"
	General.GenesisProfile = "OrdererGenesis"
	General.SystemChannel = "test-system-channel-name"
	General.GenesisFile = "/home/user/repo/c3/channel-msp/network/genesisblock"
	General.Profile.Enabled = false
	General.Profile.Address = "0.0.0.0:6060"
	General.LocalMSPDir = "/home/user/repo/c3/channel-msp/network/crypto-config/ordererOrganizations/example.com/orderers/orderer.example.com/msp"
	General.LocalMSPID = "OrdererMSP"
	General.BCCSP.ProviderName = "SW"
	General.BCCSP.SwOpts.SecLevel = 256
	General.BCCSP.SwOpts.HashFamily = "SHA2"
	General.BCCSP.SwOpts.Ephemeral = false
	General.BCCSP.SwOpts.FileKeystore.KeyStorePath = "/home/user/repo/c3/channel-msp/network/crypto-config/ordererOrganizations/example.com/orderers/orderer.example.com/msp/keystore"
	General.BCCSP.SwOpts.DummyKeystore =
	General.BCCSP.SwOpts.InmemKeystore =
	General.BCCSP.PluginOpts =
	General.Authentication.TimeWindow = 15m0s
	FileLedger.Location = "./data/orderer"
	FileLedger.Prefix = "hyperledger-fabric-ordererledger"
	RAMLedger.HistorySize = 1000
	Kafka.Retry.ShortInterval = 5s
	Kafka.Retry.ShortTotal = 10m0s
	Kafka.Retry.LongInterval = 5m0s
	Kafka.Retry.LongTotal = 12h0m0s
	Kafka.Retry.NetworkTimeouts.DialTimeout = 10s
	Kafka.Retry.NetworkTimeouts.ReadTimeout = 10s
	Kafka.Retry.NetworkTimeouts.WriteTimeout = 10s
	Kafka.Retry.Metadata.RetryMax = 3
	Kafka.Retry.Metadata.RetryBackoff = 250ms
	Kafka.Retry.Producer.RetryMax = 3
	Kafka.Retry.Producer.RetryBackoff = 100ms
	Kafka.Retry.Consumer.RetryBackoff = 2s
	Kafka.Verbose = false
	Kafka.Version = 0.10.2.0
	Kafka.TLS.Enabled = false
	Kafka.TLS.PrivateKey = ""
	Kafka.TLS.Certificate = ""
	Kafka.TLS.RootCAs = []
	Kafka.TLS.ClientAuthRequired = false
	Kafka.TLS.ClientRootCAs = []
	Kafka.SASLPlain.Enabled = false
	Kafka.SASLPlain.User = ""
	Kafka.SASLPlain.Password = ""
	Kafka.Topic.ReplicationFactor = 3
	Debug.BroadcastTraceDir = ""
	Debug.DeliverTraceDir = ""
	Consensus = map[SnapDir:/var/hyperledger/production/orderer/etcdraft/snapshot WALDir:/var/hyperledger/production/orderer/etcdraft/wal]
	Operations.ListenAddress = "127.0.0.1:8443"
	Operations.TLS.Enabled = false
	Operations.TLS.PrivateKey = ""
	Operations.TLS.Certificate = ""
	Operations.TLS.RootCAs = []
	Operations.TLS.ClientAuthRequired = false
	Operations.TLS.ClientRootCAs = []
	Metrics.Provider = "disabled"
	Metrics.Statsd.Network = "udp"
	Metrics.Statsd.Address = "127.0.0.1:8125"
	Metrics.Statsd.WriteInterval = 30s
	Metrics.Statsd.Prefix = ""
[34m2019-03-27 10:29:32.290 UTC [common.tools.configtxgen.localconfig] completeInitialization -> INFO 003[0m Orderer.BatchTimeout unset, setting to 2s
[34m2019-03-27 10:29:32.290 UTC [common.tools.configtxgen.localconfig] completeInitialization -> INFO 004[0m Orderer.BatchSize.MaxMessageCount unset, setting to 10
[34m2019-03-27 10:29:32.290 UTC [common.tools.configtxgen.localconfig] completeInitialization -> INFO 005[0m Orderer.BatchSize.AbsoluteMaxBytes unset, setting to 10485760
[34m2019-03-27 10:29:32.290 UTC [common.tools.configtxgen.localconfig] completeInitialization -> INFO 006[0m Orderer.BatchSize.PreferredMaxBytes unset, setting to 524288
[34m2019-03-27 10:29:32.290 UTC [common.tools.configtxgen.localconfig] completeInitialization -> INFO 007[0m orderer type: solo
[34m2019-03-27 10:29:32.290 UTC [common.tools.configtxgen.localconfig] Load -> INFO 008[0m Loaded configuration: /home/user/repo/c3/channel-msp/network/configtx.yaml
[33m2019-03-27 10:29:32.290 UTC [common.tools.configtxgen.encoder] NewChannelGroup -> WARN 009[0m Default policy emission is deprecated, please include policy specifications for the channel group in configtx.yaml
[33m2019-03-27 10:29:32.291 UTC [common.tools.configtxgen.encoder] NewOrdererGroup -> WARN 00a[0m Default policy emission is deprecated, please include policy specifications for the orderer group in configtx.yaml
[33m2019-03-27 10:29:32.291 UTC [common.tools.configtxgen.encoder] NewOrdererOrgGroup -> WARN 00b[0m Default policy emission is deprecated, please include policy specifications for the orderer org group Org1 in configtx.yaml
[34m2019-03-27 10:29:32.309 UTC [common.tools.configtxgen.localconfig] completeInitialization -> INFO 00c[0m Orderer.BatchTimeout unset, setting to 2s
[34m2019-03-27 10:29:32.309 UTC [common.tools.configtxgen.localconfig] completeInitialization -> INFO 00d[0m Orderer.BatchSize.MaxMessageCount unset, setting to 10
[34m2019-03-27 10:29:32.309 UTC [common.tools.configtxgen.localconfig] completeInitialization -> INFO 00e[0m Orderer.BatchSize.AbsoluteMaxBytes unset, setting to 10485760
[34m2019-03-27 10:29:32.309 UTC [common.tools.configtxgen.localconfig] completeInitialization -> INFO 00f[0m Orderer.BatchSize.PreferredMaxBytes unset, setting to 524288
[34m2019-03-27 10:29:32.309 UTC [common.tools.configtxgen.localconfig] completeInitialization -> INFO 010[0m orderer type: solo
[34m2019-03-27 10:29:32.309 UTC [common.tools.configtxgen.localconfig] Load -> INFO 011[0m Loaded configuration: /home/user/repo/c3/channel-msp/network/configtx.yaml
[33m2019-03-27 10:29:32.309 UTC [common.tools.configtxgen.encoder] NewChannelGroup -> WARN 012[0m Default policy emission is deprecated, please include policy specifications for the channel group in configtx.yaml
[33m2019-03-27 10:29:32.309 UTC [common.tools.configtxgen.encoder] NewOrdererGroup -> WARN 013[0m Default policy emission is deprecated, please include policy specifications for the orderer group in configtx.yaml
[33m2019-03-27 10:29:32.310 UTC [common.tools.configtxgen.encoder] NewOrdererOrgGroup -> WARN 014[0m Default policy emission is deprecated, please include policy specifications for the orderer org group Org1 in configtx.yaml
[34m2019-03-27 10:29:32.311 UTC [fsblkstorage] newBlockfileMgr -> INFO 015[0m Getting block information from block storage
[34m2019-03-27 10:29:32.322 UTC [orderer.commmon.multichannel] Initialize -> INFO 016[0m Starting system channel 'test-system-channel-name' with genesis block hash 290ad671b5a3cd878540435ed4fe25bd60c6be1a57de32f4037bb144703f2abc and orderer type solo
[34m2019-03-27 10:29:32.322 UTC [orderer.common.server] Start -> INFO 017[0m Starting orderer:
 Version: 1.4.0
 Commit SHA: d700b43
 Go version: go1.10
 OS/Arch: linux/amd64
[34m2019-03-27 10:29:32.323 UTC [orderer.common.server] Start -> INFO 018[0m Beginning to serve requests
[33m2019-03-27 10:29:42.171 UTC [common.deliver] Handle -> WARN 019[0m Error reading from 127.0.0.1:52402: rpc error: code = Canceled desc = context canceled
[34m2019-03-27 10:29:42.171 UTC [comm.grpc.server] 1 -> INFO 01a[0m streaming call completed {"grpc.start_time": "2019-03-27T10:29:42.167Z", "grpc.service": "orderer.AtomicBroadcast", "grpc.method": "Deliver", "grpc.peer_address": "127.0.0.1:52402", "error": "rpc error: code = Canceled desc = context canceled", "grpc.code": "Canceled", "grpc.call_duration": "4.819362ms"}
[34m2019-03-27 10:31:24.656 UTC [orderer.common.server] handleSignals -> INFO 01b[0m Received signal: 15 (terminated)
