[34m2019-03-27 05:12:00.782 UTC [localconfig] completeInitialization -> INFO 001[0m Kafka.Version unset, setting to 0.10.2.0
[34m2019-03-27 05:12:00.797 UTC [orderer.common.server] prettyPrintStruct -> INFO 002[0m Orderer config values:
	General.LedgerType = "file"
	General.ListenAddress = "127.0.0.1"
	General.ListenPort = 7050
	General.TLS.Enabled = false
	General.TLS.PrivateKey = "/home/user/repo/c6/event-service/network/tls/server.key"
	General.TLS.Certificate = "/home/user/repo/c6/event-service/network/tls/server.crt"
	General.TLS.RootCAs = [/home/user/repo/c6/event-service/network/tls/ca.crt]
	General.TLS.ClientAuthRequired = false
	General.TLS.ClientRootCAs = []
	General.Cluster.RootCAs = [/home/user/repo/c6/event-service/network/tls/ca.crt]
	General.Cluster.ClientCertificate = ""
	General.Cluster.ClientPrivateKey = ""
	General.Cluster.DialTimeout = 5s
	General.Cluster.RPCTimeout = 7s
	General.Cluster.ReplicationBufferSize = 20971520
	General.Cluster.ReplicationPullTimeout = 5s
	General.Cluster.ReplicationRetryTimeout = 5s
	General.Keepalive.ServerMinInterval = 1m0s
	General.Keepalive.ServerInterval = 2h0m0s
	General.Keepalive.ServerTimeout = 20s
	General.GenesisMethod = "provisional"
	General.GenesisProfile = "OrdererGenesis"
	General.SystemChannel = "test-system-channel-name"
	General.GenesisFile = "/home/user/repo/c6/event-service/network/genesisblock"
	General.Profile.Enabled = false
	General.Profile.Address = "0.0.0.0:6060"
	General.LocalMSPDir = "/home/user/repo/c6/event-service/network/crypto-config/ordererOrganizations/example.com/orderers/orderer.example.com/msp"
	General.LocalMSPID = "OrdererMSP"
	General.BCCSP.ProviderName = "SW"
	General.BCCSP.SwOpts.SecLevel = 256
	General.BCCSP.SwOpts.HashFamily = "SHA2"
	General.BCCSP.SwOpts.Ephemeral = false
	General.BCCSP.SwOpts.FileKeystore.KeyStorePath = "/home/user/repo/c6/event-service/network/crypto-config/ordererOrganizations/example.com/orderers/orderer.example.com/msp/keystore"
	General.BCCSP.SwOpts.DummyKeystore =
	General.BCCSP.SwOpts.InmemKeystore =
	General.BCCSP.PluginOpts =
	General.Authentication.TimeWindow = 15m0s
	FileLedger.Location = "./data/orderer"
	FileLedger.Prefix = "hyperledger-fabric-ordererledger"
	RAMLedger.HistorySize = 1000
	Kafka.Retry.ShortInterval = 5s
	Kafka.Retry.ShortTotal = 10m0s
	Kafka.Retry.LongInterval = 5m0s
	Kafka.Retry.LongTotal = 12h0m0s
	Kafka.Retry.NetworkTimeouts.DialTimeout = 10s
	Kafka.Retry.NetworkTimeouts.ReadTimeout = 10s
	Kafka.Retry.NetworkTimeouts.WriteTimeout = 10s
	Kafka.Retry.Metadata.RetryMax = 3
	Kafka.Retry.Metadata.RetryBackoff = 250ms
	Kafka.Retry.Producer.RetryMax = 3
	Kafka.Retry.Producer.RetryBackoff = 100ms
	Kafka.Retry.Consumer.RetryBackoff = 2s
	Kafka.Verbose = false
	Kafka.Version = 0.10.2.0
	Kafka.TLS.Enabled = false
	Kafka.TLS.PrivateKey = ""
	Kafka.TLS.Certificate = ""
	Kafka.TLS.RootCAs = []
	Kafka.TLS.ClientAuthRequired = false
	Kafka.TLS.ClientRootCAs = []
	Kafka.SASLPlain.Enabled = false
	Kafka.SASLPlain.User = ""
	Kafka.SASLPlain.Password = ""
	Kafka.Topic.ReplicationFactor = 3
	Debug.BroadcastTraceDir = ""
	Debug.DeliverTraceDir = ""
	Consensus = map[WALDir:/var/hyperledger/production/orderer/etcdraft/wal SnapDir:/var/hyperledger/production/orderer/etcdraft/snapshot]
	Operations.ListenAddress = "127.0.0.1:8443"
	Operations.TLS.Enabled = false
	Operations.TLS.PrivateKey = ""
	Operations.TLS.Certificate = ""
	Operations.TLS.RootCAs = []
	Operations.TLS.ClientAuthRequired = false
	Operations.TLS.ClientRootCAs = []
	Metrics.Provider = "disabled"
	Metrics.Statsd.Network = "udp"
	Metrics.Statsd.Address = "127.0.0.1:8125"
	Metrics.Statsd.WriteInterval = 30s
	Metrics.Statsd.Prefix = ""
[34m2019-03-27 05:12:01.030 UTC [common.tools.configtxgen.localconfig] completeInitialization -> INFO 003[0m Orderer.BatchTimeout unset, setting to 2s
[34m2019-03-27 05:12:01.035 UTC [common.tools.configtxgen.localconfig] completeInitialization -> INFO 004[0m Orderer.BatchSize.MaxMessageCount unset, setting to 10
[34m2019-03-27 05:12:01.035 UTC [common.tools.configtxgen.localconfig] completeInitialization -> INFO 005[0m Orderer.BatchSize.AbsoluteMaxBytes unset, setting to 10485760
[34m2019-03-27 05:12:01.035 UTC [common.tools.configtxgen.localconfig] completeInitialization -> INFO 006[0m Orderer.BatchSize.PreferredMaxBytes unset, setting to 524288
[34m2019-03-27 05:12:01.035 UTC [common.tools.configtxgen.localconfig] completeInitialization -> INFO 007[0m orderer type: solo
[34m2019-03-27 05:12:01.035 UTC [common.tools.configtxgen.localconfig] Load -> INFO 008[0m Loaded configuration: /home/user/repo/c6/event-service/network/configtx.yaml
[33m2019-03-27 05:12:01.035 UTC [common.tools.configtxgen.encoder] NewChannelGroup -> WARN 009[0m Default policy emission is deprecated, please include policy specifications for the channel group in configtx.yaml
[33m2019-03-27 05:12:01.035 UTC [common.tools.configtxgen.encoder] NewOrdererGroup -> WARN 00a[0m Default policy emission is deprecated, please include policy specifications for the orderer group in configtx.yaml
[33m2019-03-27 05:12:01.037 UTC [common.tools.configtxgen.encoder] NewOrdererOrgGroup -> WARN 00b[0m Default policy emission is deprecated, please include policy specifications for the orderer org group Org1 in configtx.yaml
[34m2019-03-27 05:12:01.059 UTC [common.tools.configtxgen.localconfig] completeInitialization -> INFO 00c[0m Orderer.BatchTimeout unset, setting to 2s
[34m2019-03-27 05:12:01.059 UTC [common.tools.configtxgen.localconfig] completeInitialization -> INFO 00d[0m Orderer.BatchSize.MaxMessageCount unset, setting to 10
[34m2019-03-27 05:12:01.059 UTC [common.tools.configtxgen.localconfig] completeInitialization -> INFO 00e[0m Orderer.BatchSize.AbsoluteMaxBytes unset, setting to 10485760
[34m2019-03-27 05:12:01.060 UTC [common.tools.configtxgen.localconfig] completeInitialization -> INFO 00f[0m Orderer.BatchSize.PreferredMaxBytes unset, setting to 524288
[34m2019-03-27 05:12:01.060 UTC [common.tools.configtxgen.localconfig] completeInitialization -> INFO 010[0m orderer type: solo
[34m2019-03-27 05:12:01.060 UTC [common.tools.configtxgen.localconfig] Load -> INFO 011[0m Loaded configuration: /home/user/repo/c6/event-service/network/configtx.yaml
[33m2019-03-27 05:12:01.060 UTC [common.tools.configtxgen.encoder] NewChannelGroup -> WARN 012[0m Default policy emission is deprecated, please include policy specifications for the channel group in configtx.yaml
[33m2019-03-27 05:12:01.060 UTC [common.tools.configtxgen.encoder] NewOrdererGroup -> WARN 013[0m Default policy emission is deprecated, please include policy specifications for the orderer group in configtx.yaml
[33m2019-03-27 05:12:01.060 UTC [common.tools.configtxgen.encoder] NewOrdererOrgGroup -> WARN 014[0m Default policy emission is deprecated, please include policy specifications for the orderer org group Org1 in configtx.yaml
[34m2019-03-27 05:12:01.060 UTC [fsblkstorage] newBlockfileMgr -> INFO 015[0m Getting block information from block storage
[34m2019-03-27 05:12:01.071 UTC [orderer.commmon.multichannel] Initialize -> INFO 016[0m Starting system channel 'test-system-channel-name' with genesis block hash ec96eb153cc82b9c582c4c5ca1fde34916d86355d5bb185582750373350ff411 and orderer type solo
[34m2019-03-27 05:12:01.072 UTC [orderer.common.server] Start -> INFO 017[0m Starting orderer:
 Version: 1.4.0
 Commit SHA: d700b43
 Go version: go1.10
 OS/Arch: linux/amd64
[34m2019-03-27 05:12:01.072 UTC [orderer.common.server] Start -> INFO 018[0m Beginning to serve requests
[34m2019-03-27 05:12:30.135 UTC [fsblkstorage] newBlockfileMgr -> INFO 019[0m Getting block information from block storage
[34m2019-03-27 05:12:30.136 UTC [comm.grpc.server] 1 -> INFO 01a[0m streaming call completed {"grpc.start_time": "2019-03-27T05:12:30.126Z", "grpc.service": "orderer.AtomicBroadcast", "grpc.method": "Broadcast", "grpc.peer_address": "127.0.0.1:48740", "grpc.code": "OK", "grpc.call_duration": "9.199232ms"}
[34m2019-03-27 05:12:30.314 UTC [orderer.commmon.multichannel] newChain -> INFO 01b[0m Created and starting new chain ch1
[33m2019-03-27 05:12:30.318 UTC [common.deliver] Handle -> WARN 01c[0m Error reading from 127.0.0.1:48739: rpc error: code = Canceled desc = context canceled
[34m2019-03-27 05:12:30.319 UTC [comm.grpc.server] 1 -> INFO 01d[0m streaming call completed {"grpc.start_time": "2019-03-27T05:12:30.126Z", "grpc.service": "orderer.AtomicBroadcast", "grpc.method": "Deliver", "grpc.peer_address": "127.0.0.1:48739", "error": "rpc error: code = Canceled desc = context canceled", "grpc.code": "Canceled", "grpc.call_duration": "192.481917ms"}
[33m2019-03-27 05:12:30.593 UTC [orderer.common.broadcast] Handle -> WARN 01e[0m Error reading from 127.0.0.1:48746: rpc error: code = Canceled desc = context canceled
[34m2019-03-27 05:12:30.593 UTC [comm.grpc.server] 1 -> INFO 01f[0m streaming call completed {"grpc.start_time": "2019-03-27T05:12:30.529Z", "grpc.service": "orderer.AtomicBroadcast", "grpc.method": "Broadcast", "grpc.peer_address": "127.0.0.1:48746", "error": "rpc error: code = Canceled desc = context canceled", "grpc.code": "Canceled", "grpc.call_duration": "63.566841ms"}
[34m2019-03-27 05:27:32.585 UTC [comm.grpc.server] 1 -> INFO 020[0m streaming call completed {"grpc.start_time": "2019-03-27T05:27:32.562Z", "grpc.service": "orderer.AtomicBroadcast", "grpc.method": "Broadcast", "grpc.peer_address": "127.0.0.1:48781", "grpc.code": "OK", "grpc.call_duration": "22.723743ms"}
[34m2019-03-27 05:29:23.511 UTC [comm.grpc.server] 1 -> INFO 021[0m streaming call completed {"grpc.start_time": "2019-03-27T05:29:23.491Z", "grpc.service": "orderer.AtomicBroadcast", "grpc.method": "Broadcast", "grpc.peer_address": "127.0.0.1:48787", "grpc.code": "OK", "grpc.call_duration": "20.939143ms"}
[34m2019-03-27 05:40:41.616 UTC [comm.grpc.server] 1 -> INFO 022[0m streaming call completed {"grpc.start_time": "2019-03-27T05:40:41.59Z", "grpc.service": "orderer.AtomicBroadcast", "grpc.method": "Broadcast", "grpc.peer_address": "127.0.0.1:48806", "grpc.code": "OK", "grpc.call_duration": "26.222203ms"}
[34m2019-03-27 05:57:20.076 UTC [comm.grpc.server] 1 -> INFO 023[0m streaming call completed {"grpc.start_time": "2019-03-27T05:12:36.409Z", "grpc.service": "orderer.AtomicBroadcast", "grpc.method": "Deliver", "grpc.peer_address": "127.0.0.1:48747", "error": "context finished before block retrieved: context canceled", "grpc.code": "Unknown", "grpc.call_duration": "44m43.667149993s"}
[34m2019-03-27 05:57:20.157 UTC [orderer.common.server] handleSignals -> INFO 024[0m Received signal: 15 (terminated)
